<?xml version="1.0" encoding="UTF-8"?>
<!-- Generated by org.testng.reporters.JUnitReportReporter -->
<testsuite hostname="DESKTOP-TNFL9MD" failures="0" tests="1" name="base.initial" time="10.339" errors="0" timestamp="26 Jan 2023 12:49:15 GMT" skipped="0">
  <testcase classname="base.initial" name="main" time="10.339"/>
</testsuite> <!-- base.initial -->
